
                                 Formality (R)

               Version L-2016.03-SP1 for linux64 - Apr 13, 2016 

                    Copyright (c) 1988 - 2016 Synopsys, Inc.
   This software and the associated documentation are proprietary to Synopsys,
 Inc. This software may only be used in accordance with the terms and conditions
 of a written license agreement with Synopsys, Inc. All other use, reproduction,
            or distribution of this software is strictly prohibited.

  ** Highlights of Formality (R) Version L-2016.03 **
   - New alternate verification strategies for resolving inconclusive verifications
   - Automation for deploying alternate strategies
   - New command to export the mapping of reference to implementation registers
   - New capability to combine PG and low power information from db libraries with Verilog functional models

   * Please refer to the Formality Release Notes for details and additional enhancements

Build: 4031317
Hostname: IC (RHEL64)
Current time: Sat Oct 26 07:28:48 2024

Loading db file '/opt/Synopsys/Formality2016/libraries/syn/gtech.db'
############################  Search PATH ################################
lappend search_path /home/IC/tsmc_fb_cl013g_sc/aci/sc-m/synopsys
/home/IC/tsmc_fb_cl013g_sc/aci/sc-m/synopsys
lappend search_path /home/IC/Projects/System/RTL
/home/IC/tsmc_fb_cl013g_sc/aci/sc-m/synopsys /home/IC/Projects/System/RTL
########################### Define Top Module ############################
set top_module SYS_TOP
SYS_TOP
######################### Formality Setup File ###########################
set synopsys_auto_setup true
true
set_svf "../../DFT/$top_module.svf"
SVF set to '../../DFT/SYS_TOP.svf'.
1
####################### Read Reference tech libs ########################
set SSLIB "/home/IC/tsmc_fb_cl013g_sc/aci/sc-m/synopsys/scmetro_tsmc_cl013g_rvt_ss_1p08v_125c.db"
/home/IC/tsmc_fb_cl013g_sc/aci/sc-m/synopsys/scmetro_tsmc_cl013g_rvt_ss_1p08v_125c.db
set TTLIB "/home/IC/tsmc_fb_cl013g_sc/aci/sc-m/synopsys/scmetro_tsmc_cl013g_rvt_tt_1p2v_25c.db"
/home/IC/tsmc_fb_cl013g_sc/aci/sc-m/synopsys/scmetro_tsmc_cl013g_rvt_tt_1p2v_25c.db
set FFLIB "/home/IC/tsmc_fb_cl013g_sc/aci/sc-m/synopsys/scmetro_tsmc_cl013g_rvt_ff_1p32v_m40c.db"
/home/IC/tsmc_fb_cl013g_sc/aci/sc-m/synopsys/scmetro_tsmc_cl013g_rvt_ff_1p32v_m40c.db
read_db -container Ref [list $SSLIB $TTLIB $FFLIB]
Loading db file '/home/IC/tsmc_fb_cl013g_sc/aci/sc-m/synopsys/scmetro_tsmc_cl013g_rvt_ss_1p08v_125c.db'
Created container 'Ref'
Current container set to 'Ref'
Loading db file '/home/IC/tsmc_fb_cl013g_sc/aci/sc-m/synopsys/scmetro_tsmc_cl013g_rvt_tt_1p2v_25c.db'
Loading db file '/home/IC/tsmc_fb_cl013g_sc/aci/sc-m/synopsys/scmetro_tsmc_cl013g_rvt_ff_1p32v_m40c.db'
1
###################  Read Reference Design Files ######################## 
read_sverilog -container Ref "ALU.sv"
No target library specified, default is WORK
Initializing DesignWare ...
Initialization Complete
Loading verilog file '/home/IC/Projects/System/RTL/ALU.sv'
1
read_sverilog -container Ref "DF_SYNC.sv"
No target library specified, default is WORK
Loading verilog file '/home/IC/Projects/System/RTL/DF_SYNC.sv'
1
read_sverilog -container Ref "FIFO_MEM_CNTRL.sv"
No target library specified, default is WORK
Loading verilog file '/home/IC/Projects/System/RTL/FIFO_MEM_CNTRL.sv'
1
read_sverilog -container Ref "FIFO_RD.sv"
No target library specified, default is WORK
Loading verilog file '/home/IC/Projects/System/RTL/FIFO_RD.sv'
1
read_sverilog -container Ref "FIFO_WR.sv"
No target library specified, default is WORK
Loading verilog file '/home/IC/Projects/System/RTL/FIFO_WR.sv'
1
read_sverilog -container Ref "FIFO.sv"
No target library specified, default is WORK
Loading verilog file '/home/IC/Projects/System/RTL/FIFO.sv'
1
read_sverilog -container Ref "CLKDIV_MUX.sv"
No target library specified, default is WORK
Loading verilog file '/home/IC/Projects/System/RTL/CLKDIV_MUX.sv'
1
read_sverilog -container Ref "Clk_Div.sv"
No target library specified, default is WORK
Loading verilog file '/home/IC/Projects/System/RTL/Clk_Div.sv'
1
read_sverilog -container Ref "CLK_GATE.sv"
No target library specified, default is WORK
Loading verilog file '/home/IC/Projects/System/RTL/CLK_GATE.sv'
1
read_sverilog -container Ref "DATA_SYNC.sv"
No target library specified, default is WORK
Loading verilog file '/home/IC/Projects/System/RTL/DATA_SYNC.sv'
1
read_sverilog -container Ref "RegFile.sv"
No target library specified, default is WORK
Loading verilog file '/home/IC/Projects/System/RTL/RegFile.sv'
1
read_sverilog -container Ref "PULSE_GEN.sv"
No target library specified, default is WORK
Loading verilog file '/home/IC/Projects/System/RTL/PULSE_GEN.sv'
1
read_sverilog -container Ref "RST_SYNC.sv"
No target library specified, default is WORK
Loading verilog file '/home/IC/Projects/System/RTL/RST_SYNC.sv'
1
read_sverilog -container Ref "SYS_CTRL.sv"
No target library specified, default is WORK
Loading verilog file '/home/IC/Projects/System/RTL/SYS_CTRL.sv'
1
read_sverilog -container Ref "data_sampling.sv"
No target library specified, default is WORK
Loading verilog file '/home/IC/Projects/System/RTL/data_sampling.sv'
1
read_sverilog -container Ref "desarilzer.sv"
No target library specified, default is WORK
Loading verilog file '/home/IC/Projects/System/RTL/desarilzer.sv'
1
read_sverilog -container Ref "edge_bit_counter.sv"
No target library specified, default is WORK
Loading verilog file '/home/IC/Projects/System/RTL/edge_bit_counter.sv'
1
read_sverilog -container Ref "parity_check.sv"
No target library specified, default is WORK
Loading verilog file '/home/IC/Projects/System/RTL/parity_check.sv'
1
read_sverilog -container Ref "stop_check.sv"
No target library specified, default is WORK
Loading verilog file '/home/IC/Projects/System/RTL/stop_check.sv'
1
read_sverilog -container Ref "start_check.sv"
No target library specified, default is WORK
Loading verilog file '/home/IC/Projects/System/RTL/start_check.sv'
1
read_sverilog -container Ref "UART_RX.sv"
No target library specified, default is WORK
Loading verilog file '/home/IC/Projects/System/RTL/UART_RX.sv'
1
read_sverilog -container Ref "UART_RX_FSM.sv"
No target library specified, default is WORK
Loading verilog file '/home/IC/Projects/System/RTL/UART_RX_FSM.sv'
1
read_sverilog -container Ref "MUX_4x1.sv"
No target library specified, default is WORK
Loading verilog file '/home/IC/Projects/System/RTL/MUX_4x1.sv'
1
read_sverilog -container Ref "MUX_2x1.sv"
No target library specified, default is WORK
Loading verilog file '/home/IC/Projects/System/RTL/MUX_2x1.sv'
1
read_sverilog -container Ref "Parity_Calc.sv"
No target library specified, default is WORK
Loading verilog file '/home/IC/Projects/System/RTL/Parity_Calc.sv'
1
read_sverilog -container Ref "serializer.sv"
No target library specified, default is WORK
Loading verilog file '/home/IC/Projects/System/RTL/serializer.sv'
1
read_sverilog -container Ref "UART_TX_FSM.sv"
No target library specified, default is WORK
Loading verilog file '/home/IC/Projects/System/RTL/UART_TX_FSM.sv'
1
read_sverilog -container Ref "UART_TX.sv"
No target library specified, default is WORK
Loading verilog file '/home/IC/Projects/System/RTL/UART_TX.sv'
1
read_sverilog -container Ref "UART.sv"
No target library specified, default is WORK
Loading verilog file '/home/IC/Projects/System/RTL/UART.sv'
1
read_sverilog -container Ref "SYS_TOP_dft.sv"
No target library specified, default is WORK
Loading verilog file '/home/IC/Projects/System/RTL/SYS_TOP_dft.sv'
1
######################## set the top Reference Design ######################## 
set_reference_design SYS_TOP
Reference design set to 'Ref:/WORK/SYS_TOP'
1
set_top SYS_TOP
Setting top design to 'Ref:/WORK/SYS_TOP'
Status:   Elaborating design SYS_TOP   ...  
Status:   Elaborating design MUX_2x1   ...  
Status:   Elaborating design RST_SYNC  NUM_STAGES=2 ...  
Information: Created design named 'RST_SYNC_NUM_STAGES2'. (FE-LINK-13)
Status:   Elaborating design DATA_SYNC  NUM_STAGES=2, BUS_WIDTH=8 ...  
Information: Created design named 'DATA_SYNC_NUM_STAGES2_BUS_WIDTH8'. (FE-LINK-13)
Status:   Elaborating design FIFO  DATA_WIDTH=8 ...  
Information: Created design named 'FIFO_DATA_WIDTH8'. (FE-LINK-13)
Status:   Elaborating design FIFO_MEM_CNTRL  DATA_WIDTH=8 ...  
Information: Created design named 'FIFO_MEM_CNTRL_DATA_WIDTH8'. (FE-LINK-13)
Status:   Elaborating design FIFO_WR   ...  
Status:   Elaborating design FIFO_RD   ...  
Status:   Elaborating design DF_SYNC   ...  
Status:   Elaborating design PULSE_GEN   ...  
Status:   Elaborating design Clk_Div   ...  
Status:   Elaborating design CLKDIV_MUX  WIDTH=4 ...  
Information: Created design named 'CLKDIV_MUX_WIDTH4'. (FE-LINK-13)
Status:   Elaborating design UART   ...  
Status:   Elaborating design UART_TX   ...  
Status:   Elaborating design Parity_Calc   ...  
Status:   Elaborating design serializer   ...  
Status:   Elaborating design UART_TX_FSM   ...  
Status:   Elaborating design MUX_4x1   ...  
Status:   Elaborating design UART_RX   ...  
Status:   Elaborating design UART_RX_FSM   ...  
Status:   Elaborating design data_sampling   ...  
Status:   Elaborating design edge_bit_counter   ...  
Status:   Elaborating design parity_check   ...  
Status:   Elaborating design start_check   ...  
Status:   Elaborating design stop_check   ...  
Status:   Elaborating design desarilzer   ...  
Status:   Elaborating design SYS_CTRL   ...  
Status:   Elaborating design RegFile  WIDTH=8, DEPTH=16, ADDR=4 ...  
Information: Created design named 'RegFile_WIDTH8_DEPTH16_ADDR4'. (FE-LINK-13)
Status:   Elaborating design ALU  OPER_WIDTH=8, OUT_WIDTH=16 ...  
Information: Created design named 'ALU_OPER_WIDTH8_OUT_WIDTH16'. (FE-LINK-13)
Status:   Elaborating design CLK_GATE   ...  
Status:  Implementing inferred operators...

************ Library Checking Summary ************
Warning:  3 unlinked power cell(s) with unread pg pins.
        Use 'report_libraries -defects all' for more details.
**************************************************

Top design successfully set to 'Ref:/WORK/SYS_TOP'
Reference design set to 'Ref:/WORK/SYS_TOP'
1
####################### Read Implementation tech libs ######################## 
read_db -container Imp [list $SSLIB $TTLIB $FFLIB]
Loading db file '/home/IC/tsmc_fb_cl013g_sc/aci/sc-m/synopsys/scmetro_tsmc_cl013g_rvt_ss_1p08v_125c.db'
Created container 'Imp'
Current container set to 'Imp'
Loading db file '/home/IC/tsmc_fb_cl013g_sc/aci/sc-m/synopsys/scmetro_tsmc_cl013g_rvt_tt_1p2v_25c.db'
Loading db file '/home/IC/tsmc_fb_cl013g_sc/aci/sc-m/synopsys/scmetro_tsmc_cl013g_rvt_ff_1p32v_m40c.db'
1
#################### Read Implementation Design Files ######################## 
read_verilog -container Imp -netlist "/home/IC/Projects/System/Backend/DFT/netlists/SYS_TOP.v"
No target library specified, default is WORK
Loading verilog file '/home/IC/Projects/System/Backend/DFT/netlists/SYS_TOP.v'
1
####################  set the top Implementation Design ######################
set_implementation_design SYS_TOP
Implementation design set to 'Imp:/WORK/SYS_TOP'
1
set_top SYS_TOP
Setting top design to 'Imp:/WORK/SYS_TOP'
Status:  Implementing inferred operators...

************ Library Checking Summary ************
Warning:  3 unlinked power cell(s) with unread pg pins.
        Use 'report_libraries -defects all' for more details.
**************************************************

Top design successfully set to 'Imp:/WORK/SYS_TOP'
Implementation design set to 'Imp:/WORK/SYS_TOP'
1
############################### Don't verify #################################
# do not verify scan in & scan out ports as a compare point as it is existed only after synthesis and not existed in the RTL
#scan in
set_dont_verify_points -type port Ref:/WORK/*/SI
Set don't verify point 'Ref:/WORK/SYS_TOP/SI'
1
set_dont_verify_points -type port Imp:/WORK/*/SI
Set don't verify point 'Imp:/WORK/SYS_TOP/SI'
1
#scan_out
set_dont_verify_points -type port Ref:/WORK/*/SO
Set don't verify point 'Ref:/WORK/SYS_TOP/SO'
1
set_dont_verify_points -type port Imp:/WORK/*/SO
Set don't verify point 'Imp:/WORK/SYS_TOP/SO'
1
############################### contants #####################################
# all atpg enable(test_mode, scan_enable) are zero during formal compare
#test_mode
set_constant Ref:/WORK/*/test_mode 0
Set 'Ref:/WORK/SYS_TOP/test_mode' to constant 0
1
set_constant Imp:/WORK/*/test_mode 0
Set 'Imp:/WORK/SYS_TOP/test_mode' to constant 0
1
#scan_enable
set_constant Ref:/WORK/*/SE 0
Set 'Ref:/WORK/SYS_TOP/SE' to constant 0
1
set_constant Imp:/WORK/*/SE 0
Set 'Imp:/WORK/SYS_TOP/SE' to constant 0
1
########################### matching Compare points ##########################
match
Reference design is 'Ref:/WORK/SYS_TOP'
Implementation design is 'Imp:/WORK/SYS_TOP'
Status:  Checking designs...
    Warning: 1 (12) undriven nets found in reference (implementation) design; see formality3.log for list (FM-399)
Status:  Building verification models...
Status:  Processing Guide Commands...
    Set 'Ref:/WORK/SYS_TOP/SE' to constant 0    
    Set 'Imp:/WORK/SYS_TOP/SE' to constant 0    
    Set 'Ref:/WORK/SYS_TOP/test_mode' to constant 1    
    Set 'Imp:/WORK/SYS_TOP/test_mode' to constant 1    
    Set 'Imp:/WORK/SYS_TOP/SE' to constant 0    ; previous value was also 0
    Set 'Imp:/WORK/SYS_TOP/test_mode' to constant 1    ; previous value was also 1

***************************** Guidance Summary *****************************
                                         Status
Command                 Accepted   Rejected  Unsupported  Unprocessed  Total
----------------------------------------------------------------------------
environment         :          2          0          0          0          2
instance_map        :         29          0          0          0         29
mark                :         20          0          0          0         20
multiplier          :          2          0          0          0          2
replace             :          6          0          0          0          6
scan_input          :          2          0          0          0          2
transformation
   map              :         25          0          0          0         25
   share            :          4          0          0          0          4
uniquify            :         29          2          0          0         31
ununiquify          :          1          0          0          0          1

Note: If verification succeeds you can safely ignore unaccepted guidance commands.

SVF files read:
      ../../DFT/SYS_TOP.svf

SVF files produced:
  /home/IC/Projects/System/Backend/Formality/post-dft/formality3_svf/
    svf.txt
****************************************************************************

Status:  Matching...
    
*********************************** Matching Results ***********************************    
 344 Compare points matched by name    
 0 Compare points matched by signature analysis    
 0 Compare points matched by topology    
 5 Matched primary inputs, black-box outputs    
 0(3) Unmatched reference(implementation) compare points    
 0(0) Unmatched reference(implementation) primary inputs, black-box outputs    
 0(3) Unmatched reference(implementation) unread points    
----------------------------------------------------------------------------------------    
Unmatched Objects                                                        REF        IMPL    
----------------------------------------------------------------------------------------    
 Output ports (Port)                                                       0           3    
****************************************************************************************

1
################################# verify #####################################
set successful [verify]
Reference design is 'Ref:/WORK/SYS_TOP'
Implementation design is 'Imp:/WORK/SYS_TOP'
    
*********************************** Matching Results ***********************************    
 344 Compare points matched by name    
 0 Compare points matched by signature analysis    
 0 Compare points matched by topology    
 5 Matched primary inputs, black-box outputs    
 0(3) Unmatched reference(implementation) compare points    
 0(0) Unmatched reference(implementation) primary inputs, black-box outputs    
 0(3) Unmatched reference(implementation) unread points    
----------------------------------------------------------------------------------------    
Unmatched Objects                                                        REF        IMPL    
----------------------------------------------------------------------------------------    
 Output ports (Port)                                                       0           3    
****************************************************************************************

Status:  Verifying...

***************************** Synopsys Auto Setup Summary ******************************

!!! Synopsys Auto Setup Mode was enabled. !!!
!!! Verification results are valid assuming the following setup constraints: !!!

### RTL Interpretation Setup
   set hdlin_ignore_parallel_case false
   set hdlin_ignore_full_case false
   set hdlin_error_on_mismatch_message false
   set hdlin_ignore_embedded_configuration true

### Undriven Signal Handling Setup
   set verification_set_undriven_signals synthesis

### Test Logic Setup
   set verification_verify_directly_undriven_output false
   Constants set on:
     SYS_TOP/SE
     SYS_TOP/test_mode
   For details see report_dont_verify_points and report_constants


For further details on Synopsys Auto Setup Mode: Type man synopsys_auto_setup
****************************************************************************************


********************************* Verification Results *********************************
Verification SUCCEEDED
   ATTENTION: synopsys_auto_setup mode was enabled.
              See Synopsys Auto Setup Summary for details.
----------------------------------------------------------
 Reference design: Ref:/WORK/SYS_TOP
 Implementation design: Imp:/WORK/SYS_TOP
 344 Passing compare points
----------------------------------------------------------------------------------------
Matched Compare Points     BBPin    Loop   BBNet     Cut    Port     DFF     LAT   TOTAL
----------------------------------------------------------------------------------------
Passing (equivalent)           0       0       0       0       3     340       1     344
Failing (not equivalent)       0       0       0       0       0       0       0       0
Not Compared
  Don't verify                 0       0       0       0       1       0       0       1
****************************************************************************************
1
if {!$successful} {
diagnose
analyze_points -failing
}
report_passing_points > "reports/passing_points.rpt"
report_failing_points > "reports/failing_points.rpt"
report_aborted_points > "reports/aborted_points.rpt"
report_unverified_points > "reports/unverified_points.rpt"
start_gui
