 
****************************************
Report : clocks
Design : SYS_TOP
Version: K-2015.06
Date   : Sat Oct 26 06:57:38 2024
****************************************

Attributes:
    d - dont_touch_network
    f - fix_hold
    p - propagated_clock
    G - generated_clock
    g - lib_generated_clock

Clock          Period   Waveform            Attrs     Sources
--------------------------------------------------------------------------------
ALU_CLK         20.00   {0 10}              G d       {CLK_GATE_U0/GATED_CLK}
REF_CLK         20.00   {0 10}              d         {REF_CLK}
RX_CLK         271.30   {0 135.65}          G d       {Clk_Div_U1/o_div_clk}
TX_CLK        8681.60   {0 4340.8}          G d       {Clk_Div_U0/o_div_clk}
UART_CLK       271.30   {0 135.65}          d         {UART_CLK}
--------------------------------------------------------------------------------

Generated     Master         Generated      Master         Waveform
Clock         Source         Source         Clock          Modification
--------------------------------------------------------------------------------
ALU_CLK       REF_CLK        {CLK_GATE_U0/GATED_CLK}
                                            REF_CLK        divide_by(1)
RX_CLK        UART_CLK       {Clk_Div_U1/o_div_clk}
                                            UART_CLK       divide_by(1)
TX_CLK        UART_CLK       {Clk_Div_U0/o_div_clk}
                                            UART_CLK       divide_by(32)
--------------------------------------------------------------------------------
1
