                                        
                           Design Compiler Graphical 
                                 DC Ultra (TM)
                                  DFTMAX (TM)
                              Power Compiler (TM)
                                 DesignWare (R)
                                 DC Expert (TM)
                               Design Vision (TM)
                               HDL Compiler (TM)
                               VHDL Compiler (TM)
                                  DFT Compiler
                               Design Compiler(R)
                                        
                 Version K-2015.06 for linux64 - May 28, 2015 
                                        
                    Copyright (c) 1988 - 2015 Synopsys, Inc.
   This software and the associated documentation are proprietary to Synopsys,
 Inc. This software may only be used in accordance with the terms and conditions
 of a written license agreement with Synopsys, Inc. All other use, reproduction,
            or distribution of this software is strictly prohibited.
Initializing...
Initializing gui preferences from file  /home/IC/.synopsys_dv_prefs.tcl
########################### Define Top Module ############################
set top_module SYS_TOP
SYS_TOP
##################### Define Working Library Directory ######################
define_design_lib work -path ./work
1
############################# Formality Setup File ##########################
set_svf $top_module.svf
1
################## Design Compiler Library Files #setup ######################
puts "###########################################"
###########################################
puts "#      #setting Design Libraries          #"
#      #setting Design Libraries          #
puts "###########################################"
###########################################
#Add the path of the libraries and RTL files to the search_path variable
set PROJECT_PATH /home/IC/Projects/System/
/home/IC/Projects/System/
set LIB_PATH     /home/IC/tsmc_fb_cl013g_sc/aci/sc-m
/home/IC/tsmc_fb_cl013g_sc/aci/sc-m
lappend search_path $LIB_PATH/synopsys
. /opt/Synopsys/Synplify2015/libraries/syn /opt/Synopsys/Synplify2015/minpower/syn /opt/Synopsys/Synplify2015/dw/syn_ver /opt/Synopsys/Synplify2015/dw/sim_ver /home/IC/tsmc_fb_cl013g_sc/aci/sc-m/synopsys
lappend search_path $PROJECT_PATH/RTL
. /opt/Synopsys/Synplify2015/libraries/syn /opt/Synopsys/Synplify2015/minpower/syn /opt/Synopsys/Synplify2015/dw/syn_ver /opt/Synopsys/Synplify2015/dw/sim_ver /home/IC/tsmc_fb_cl013g_sc/aci/sc-m/synopsys /home/IC/Projects/System//RTL
set SSLIB "scmetro_tsmc_cl013g_rvt_ss_1p08v_125c.db"
scmetro_tsmc_cl013g_rvt_ss_1p08v_125c.db
set TTLIB "scmetro_tsmc_cl013g_rvt_tt_1p2v_25c.db"
scmetro_tsmc_cl013g_rvt_tt_1p2v_25c.db
set FFLIB "scmetro_tsmc_cl013g_rvt_ff_1p32v_m40c.db"
scmetro_tsmc_cl013g_rvt_ff_1p32v_m40c.db
## Standard Cell libraries 
set target_library [list $SSLIB $TTLIB $FFLIB]
scmetro_tsmc_cl013g_rvt_ss_1p08v_125c.db scmetro_tsmc_cl013g_rvt_tt_1p2v_25c.db scmetro_tsmc_cl013g_rvt_ff_1p32v_m40c.db
## Standard Cell & Hard Macros libraries 
set link_library [list * $SSLIB $TTLIB $FFLIB]  
* scmetro_tsmc_cl013g_rvt_ss_1p08v_125c.db scmetro_tsmc_cl013g_rvt_tt_1p2v_25c.db scmetro_tsmc_cl013g_rvt_ff_1p32v_m40c.db
######################## Reading RTL Files #################################
puts "###########################################"
###########################################
puts "#             Reading RTL Files           #"
#             Reading RTL Files           #
puts "###########################################"
###########################################
set file_format sverilog
sverilog
#ALU
analyze -format $file_format ALU.sv
Running PRESTO HDLC
Compiling source file /home/IC/Projects/System//RTL/ALU.sv
Presto compilation completed successfully.
Loading db file '/home/IC/tsmc_fb_cl013g_sc/aci/sc-m/synopsys/scmetro_tsmc_cl013g_rvt_ss_1p08v_125c.db'
Loading db file '/home/IC/tsmc_fb_cl013g_sc/aci/sc-m/synopsys/scmetro_tsmc_cl013g_rvt_tt_1p2v_25c.db'
Loading db file '/home/IC/tsmc_fb_cl013g_sc/aci/sc-m/synopsys/scmetro_tsmc_cl013g_rvt_ff_1p32v_m40c.db'
1
#FIFO
analyze -format $file_format DF_SYNC.sv
Running PRESTO HDLC
Compiling source file /home/IC/Projects/System//RTL/DF_SYNC.sv
Presto compilation completed successfully.
1
analyze -format $file_format FIFO_MEM_CNTRL.sv
Running PRESTO HDLC
Compiling source file /home/IC/Projects/System//RTL/FIFO_MEM_CNTRL.sv
Presto compilation completed successfully.
1
analyze -format $file_format FIFO_RD.sv
Running PRESTO HDLC
Compiling source file /home/IC/Projects/System//RTL/FIFO_RD.sv
Presto compilation completed successfully.
1
analyze -format $file_format FIFO_WR.sv
Running PRESTO HDLC
Compiling source file /home/IC/Projects/System//RTL/FIFO_WR.sv
Presto compilation completed successfully.
1
analyze -format $file_format FIFO.sv
Running PRESTO HDLC
Compiling source file /home/IC/Projects/System//RTL/FIFO.sv
Presto compilation completed successfully.
1
#CLK_DIVIDER MUX
analyze -format $file_format CLKDIV_MUX.sv
Running PRESTO HDLC
Compiling source file /home/IC/Projects/System//RTL/CLKDIV_MUX.sv
Presto compilation completed successfully.
1
#CLK_DIVIDER
analyze -format $file_format Clk_Div.sv
Running PRESTO HDLC
Compiling source file /home/IC/Projects/System//RTL/Clk_Div.sv
Presto compilation completed successfully.
1
#CLK_GATING
analyze -format $file_format CLK_GATE.sv
Running PRESTO HDLC
Compiling source file /home/IC/Projects/System//RTL/CLK_GATE.sv
Presto compilation completed successfully.
1
#DATA_SYNC
analyze -format $file_format DATA_SYNC.sv
Running PRESTO HDLC
Compiling source file /home/IC/Projects/System//RTL/DATA_SYNC.sv
Presto compilation completed successfully.
1
#REGISTER_FILE
analyze -format $file_format RegFile.sv
Running PRESTO HDLC
Compiling source file /home/IC/Projects/System//RTL/RegFile.sv
Presto compilation completed successfully.
1
#PULSE_GENERATOR
analyze -format $file_format PULSE_GEN.sv
Running PRESTO HDLC
Compiling source file /home/IC/Projects/System//RTL/PULSE_GEN.sv
Presto compilation completed successfully.
1
#RST_SYNC
analyze -format $file_format RST_SYNC.sv
Running PRESTO HDLC
Compiling source file /home/IC/Projects/System//RTL/RST_SYNC.sv
Presto compilation completed successfully.
1
#SYS_CONTROLLER
analyze -format $file_format SYS_CTRL.sv
Running PRESTO HDLC
Compiling source file /home/IC/Projects/System//RTL/SYS_CTRL.sv
Presto compilation completed successfully.
1
#UART_RX
analyze -format $file_format data_sampling.sv
Running PRESTO HDLC
Compiling source file /home/IC/Projects/System//RTL/data_sampling.sv
Presto compilation completed successfully.
1
analyze -format $file_format desarilzer.sv
Running PRESTO HDLC
Compiling source file /home/IC/Projects/System//RTL/desarilzer.sv
Presto compilation completed successfully.
1
analyze -format $file_format edge_bit_counter.sv
Running PRESTO HDLC
Compiling source file /home/IC/Projects/System//RTL/edge_bit_counter.sv
Presto compilation completed successfully.
1
analyze -format $file_format parity_check.sv
Running PRESTO HDLC
Compiling source file /home/IC/Projects/System//RTL/parity_check.sv
Presto compilation completed successfully.
1
analyze -format $file_format stop_check.sv
Running PRESTO HDLC
Compiling source file /home/IC/Projects/System//RTL/stop_check.sv
Presto compilation completed successfully.
1
analyze -format $file_format start_check.sv
Running PRESTO HDLC
Compiling source file /home/IC/Projects/System//RTL/start_check.sv
Presto compilation completed successfully.
1
analyze -format $file_format UART_RX.sv
Running PRESTO HDLC
Compiling source file /home/IC/Projects/System//RTL/UART_RX.sv
Presto compilation completed successfully.
1
analyze -format $file_format UART_RX_FSM.sv
Running PRESTO HDLC
Compiling source file /home/IC/Projects/System//RTL/UART_RX_FSM.sv
Presto compilation completed successfully.
1
#UART_TX
analyze -format $file_format MUX_4x1.sv
Running PRESTO HDLC
Compiling source file /home/IC/Projects/System//RTL/MUX_4x1.sv
Presto compilation completed successfully.
1
analyze -format $file_format Parity_Calc.sv
Running PRESTO HDLC
Compiling source file /home/IC/Projects/System//RTL/Parity_Calc.sv
Presto compilation completed successfully.
1
analyze -format $file_format serializer.sv
Running PRESTO HDLC
Compiling source file /home/IC/Projects/System//RTL/serializer.sv
Presto compilation completed successfully.
1
analyze -format $file_format UART_TX.sv
Running PRESTO HDLC
Compiling source file /home/IC/Projects/System//RTL/UART_TX.sv
Presto compilation completed successfully.
1
analyze -format $file_format UART_TX_FSM.sv
Running PRESTO HDLC
Compiling source file /home/IC/Projects/System//RTL/UART_TX_FSM.sv
Presto compilation completed successfully.
1
#UART_TOP
analyze -format $file_format UART.sv
Running PRESTO HDLC
Compiling source file /home/IC/Projects/System//RTL/UART.sv
Presto compilation completed successfully.
1
#SYS_TOP
analyze -format $file_format SYS_TOP.sv
Running PRESTO HDLC
Compiling source file /home/IC/Projects/System//RTL/SYS_TOP.sv
Presto compilation completed successfully.
1
elaborate -lib WORK SYS_TOP
Loading db file '/opt/Synopsys/Synplify2015/libraries/syn/gtech.db'
Loading db file '/opt/Synopsys/Synplify2015/libraries/syn/standard.sldb'
  Loading link library 'scmetro_tsmc_cl013g_rvt_ss_1p08v_125c'
  Loading link library 'scmetro_tsmc_cl013g_rvt_tt_1p2v_25c'
  Loading link library 'scmetro_tsmc_cl013g_rvt_ff_1p32v_m40c'
  Loading link library 'gtech'
Running PRESTO HDLC
Presto compilation completed successfully.
Elaborated 1 design.
Current design is now 'SYS_TOP'.
Information: Building the design 'RST_SYNC' instantiated from design 'SYS_TOP' with
	the parameters "NUM_STAGES=2". (HDL-193)

Inferred memory devices in process
	in routine RST_SYNC_NUM_STAGES2 line 10 in file
		'/home/IC/Projects/System//RTL/RST_SYNC.sv'.
===============================================================================
|    Register Name    |   Type    | Width | Bus | MB | AR | AS | SR | SS | ST |
===============================================================================
|  sync_rst_reg_reg   | Flip-flop |   2   |  Y  | N  | Y  | N  | N  | N  | N  |
===============================================================================
Presto compilation completed successfully.
Information: Building the design 'DATA_SYNC' instantiated from design 'SYS_TOP' with
	the parameters "NUM_STAGES=2,BUS_WIDTH=8". (HDL-193)

Inferred memory devices in process
	in routine DATA_SYNC_NUM_STAGES2_BUS_WIDTH8 line 20 in file
		'/home/IC/Projects/System//RTL/DATA_SYNC.sv'.
===============================================================================
|    Register Name    |   Type    | Width | Bus | MB | AR | AS | SR | SS | ST |
===============================================================================
| sync_enable_reg_reg | Flip-flop |   2   |  Y  | N  | Y  | N  | N  | N  | N  |
===============================================================================

Inferred memory devices in process
	in routine DATA_SYNC_NUM_STAGES2_BUS_WIDTH8 line 31 in file
		'/home/IC/Projects/System//RTL/DATA_SYNC.sv'.
===============================================================================
|    Register Name    |   Type    | Width | Bus | MB | AR | AS | SR | SS | ST |
===============================================================================
|  enable_pulse_reg   | Flip-flop |   1   |  N  | N  | Y  | N  | N  | N  | N  |
|  pulse_gen_reg_reg  | Flip-flop |   1   |  N  | N  | Y  | N  | N  | N  | N  |
===============================================================================

Inferred memory devices in process
	in routine DATA_SYNC_NUM_STAGES2_BUS_WIDTH8 line 42 in file
		'/home/IC/Projects/System//RTL/DATA_SYNC.sv'.
===============================================================================
|    Register Name    |   Type    | Width | Bus | MB | AR | AS | SR | SS | ST |
===============================================================================
|    sync_bus_reg     | Flip-flop |   8   |  Y  | N  | Y  | N  | N  | N  | N  |
===============================================================================
Presto compilation completed successfully.
Information: Building the design 'FIFO' instantiated from design 'SYS_TOP' with
	the parameters "DATA_WIDTH=8". (HDL-193)
Presto compilation completed successfully.
Information: Building the design 'PULSE_GEN'. (HDL-193)

Inferred memory devices in process
	in routine PULSE_GEN line 19 in file
		'/home/IC/Projects/System//RTL/PULSE_GEN.sv'.
===============================================================================
|    Register Name    |   Type    | Width | Bus | MB | AR | AS | SR | SS | ST |
===============================================================================
|    pls_flop_reg     | Flip-flop |   1   |  N  | N  | Y  | N  | N  | N  | N  |
|    rcv_flop_reg     | Flip-flop |   1   |  N  | N  | Y  | N  | N  | N  | N  |
===============================================================================
Presto compilation completed successfully.
Information: Building the design 'Clk_Div'. (HDL-193)

Inferred memory devices in process
	in routine Clk_Div line 26 in file
		'/home/IC/Projects/System//RTL/Clk_Div.sv'.
===============================================================================
|    Register Name    |   Type    | Width | Bus | MB | AR | AS | SR | SS | ST |
===============================================================================
|     counter_reg     | Flip-flop |   7   |  Y  | N  | Y  | N  | N  | N  | N  |
|     div_clk_reg     | Flip-flop |   1   |  N  | N  | Y  | N  | N  | N  | N  |
===============================================================================
Presto compilation completed successfully.
Information: Building the design 'CLKDIV_MUX' instantiated from design 'SYS_TOP' with
	the parameters "WIDTH=4". (HDL-193)

Statistics for case statements in always block at line 8 in file
	'/home/IC/Projects/System//RTL/CLKDIV_MUX.sv'
===============================================
|           Line           |  full/ parallel  |
===============================================
|            10            |    auto/auto     |
===============================================
Presto compilation completed successfully.
Information: Building the design 'UART'. (HDL-193)
Presto compilation completed successfully.
Information: Building the design 'SYS_CTRL'. (HDL-193)

Statistics for case statements in always block at line 58 in file
	'/home/IC/Projects/System//RTL/SYS_CTRL.sv'
===============================================
|           Line           |  full/ parallel  |
===============================================
|            70            |    auto/auto     |
|            84            |    auto/auto     |
===============================================

Inferred memory devices in process
	in routine SYS_CTRL line 47 in file
		'/home/IC/Projects/System//RTL/SYS_CTRL.sv'.
===================================================================================
|      Register Name      |   Type    | Width | Bus | MB | AR | AS | SR | SS | ST |
===================================================================================
| RegFile_Address_seq_reg | Flip-flop |   4   |  Y  | N  | Y  | N  | N  | N  | N  |
|         cs_reg          | Flip-flop |   4   |  Y  | N  | Y  | N  | N  | N  | N  |
===================================================================================
Presto compilation completed successfully.
Information: Building the design 'RegFile' instantiated from design 'SYS_TOP' with
	the parameters "WIDTH=8,DEPTH=16,ADDR=4". (HDL-193)

Inferred memory devices in process
	in routine RegFile_WIDTH8_DEPTH16_ADDR4 line 24 in file
		'/home/IC/Projects/System//RTL/RegFile.sv'.
===============================================================================
|    Register Name    |   Type    | Width | Bus | MB | AR | AS | SR | SS | ST |
===============================================================================
|     regArr_reg      | Flip-flop |  125  |  Y  | N  | Y  | N  | N  | N  | N  |
|     regArr_reg      | Flip-flop |   3   |  Y  | N  | N  | Y  | N  | N  | N  |
|   RdData_VLD_reg    | Flip-flop |   1   |  N  | N  | Y  | N  | N  | N  | N  |
|     RdData_reg      | Flip-flop |   8   |  Y  | N  | Y  | N  | N  | N  | N  |
===============================================================================
Statistics for MUX_OPs
==========================================================================
|        block name/line          | Inputs | Outputs | # sel inputs | MB |
==========================================================================
| RegFile_WIDTH8_DEPTH16_ADDR4/46 |   16   |    8    |      4       | N  |
==========================================================================
Presto compilation completed successfully.
Information: Building the design 'ALU' instantiated from design 'SYS_TOP' with
	the parameters "OPER_WIDTH=8,OUT_WIDTH=16". (HDL-193)

Statistics for case statements in always block at line 34 in file
	'/home/IC/Projects/System//RTL/ALU.sv'
===============================================
|           Line           |  full/ parallel  |
===============================================
|            41            |    auto/auto     |
===============================================

Inferred memory devices in process
	in routine ALU_OPER_WIDTH8_OUT_WIDTH16 line 20 in file
		'/home/IC/Projects/System//RTL/ALU.sv'.
===============================================================================
|    Register Name    |   Type    | Width | Bus | MB | AR | AS | SR | SS | ST |
===============================================================================
|    OUT_VALID_reg    | Flip-flop |   1   |  N  | N  | Y  | N  | N  | N  | N  |
|     ALU_OUT_reg     | Flip-flop |  16   |  Y  | N  | Y  | N  | N  | N  | N  |
===============================================================================
Presto compilation completed successfully.
Information: Building the design 'CLK_GATE'. (HDL-193)
Presto compilation completed successfully.
Information: Building the design 'FIFO_MEM_CNTRL' instantiated from design 'FIFO_DATA_WIDTH8' with
	the parameters "DATA_WIDTH=8". (HDL-193)

Inferred memory devices in process
	in routine FIFO_MEM_CNTRL_DATA_WIDTH8 line 14 in file
		'/home/IC/Projects/System//RTL/FIFO_MEM_CNTRL.sv'.
===============================================================================
|    Register Name    |   Type    | Width | Bus | MB | AR | AS | SR | SS | ST |
===============================================================================
|   FIFO_BUFFER_reg   | Flip-flop |  64   |  Y  | N  | Y  | N  | N  | N  | N  |
===============================================================================
Statistics for MUX_OPs
========================================================================
|       block name/line         | Inputs | Outputs | # sel inputs | MB |
========================================================================
| FIFO_MEM_CNTRL_DATA_WIDTH8/25 |   8    |    8    |      3       | N  |
========================================================================
Presto compilation completed successfully.
Information: Building the design 'FIFO_WR'. (HDL-193)

Statistics for case statements in always block at line 26 in file
	'/home/IC/Projects/System//RTL/FIFO_WR.sv'
===============================================
|           Line           |  full/ parallel  |
===============================================
|            27            |    auto/auto     |
===============================================

Inferred memory devices in process
	in routine FIFO_WR line 14 in file
		'/home/IC/Projects/System//RTL/FIFO_WR.sv'.
===============================================================================
|    Register Name    |   Type    | Width | Bus | MB | AR | AS | SR | SS | ST |
===============================================================================
|    w_ptr_bin_reg    | Flip-flop |   4   |  Y  | N  | Y  | N  | N  | N  | N  |
|     w_addr_reg      | Flip-flop |   3   |  Y  | N  | Y  | N  | N  | N  | N  |
===============================================================================
Presto compilation completed successfully.
Information: Building the design 'FIFO_RD'. (HDL-193)

Statistics for case statements in always block at line 26 in file
	'/home/IC/Projects/System//RTL/FIFO_RD.sv'
===============================================
|           Line           |  full/ parallel  |
===============================================
|            27            |    auto/auto     |
===============================================

Inferred memory devices in process
	in routine FIFO_RD line 14 in file
		'/home/IC/Projects/System//RTL/FIFO_RD.sv'.
===============================================================================
|    Register Name    |   Type    | Width | Bus | MB | AR | AS | SR | SS | ST |
===============================================================================
|    r_ptr_bin_reg    | Flip-flop |   4   |  Y  | N  | Y  | N  | N  | N  | N  |
|     r_addr_reg      | Flip-flop |   3   |  Y  | N  | Y  | N  | N  | N  | N  |
===============================================================================
Presto compilation completed successfully.
Information: Building the design 'DF_SYNC'. (HDL-193)

Inferred memory devices in process
	in routine DF_SYNC line 13 in file
		'/home/IC/Projects/System//RTL/DF_SYNC.sv'.
===============================================================================
|    Register Name    |   Type    | Width | Bus | MB | AR | AS | SR | SS | ST |
===============================================================================
|    sync_reg_reg     | Flip-flop |   8   |  Y  | N  | Y  | N  | N  | N  | N  |
===============================================================================
Presto compilation completed successfully.
Information: Building the design 'UART_TX'. (HDL-193)
Presto compilation completed successfully.
Information: Building the design 'UART_RX'. (HDL-193)
Presto compilation completed successfully.
Information: Building the design 'Parity_Calc'. (HDL-193)

Inferred memory devices in process
	in routine Parity_Calc line 14 in file
		'/home/IC/Projects/System//RTL/Parity_Calc.sv'.
===============================================================================
|    Register Name    |   Type    | Width | Bus | MB | AR | AS | SR | SS | ST |
===============================================================================
|     DATA_V_reg      | Flip-flop |   8   |  Y  | N  | Y  | N  | N  | N  | N  |
===============================================================================

Inferred memory devices in process
	in routine Parity_Calc line 23 in file
		'/home/IC/Projects/System//RTL/Parity_Calc.sv'.
===============================================================================
|    Register Name    |   Type    | Width | Bus | MB | AR | AS | SR | SS | ST |
===============================================================================
|     Par_Bit_reg     | Flip-flop |   1   |  N  | N  | Y  | N  | N  | N  | N  |
===============================================================================
Presto compilation completed successfully.
Information: Building the design 'serializer'. (HDL-193)

Inferred memory devices in process
	in routine serializer line 14 in file
		'/home/IC/Projects/System//RTL/serializer.sv'.
===============================================================================
|    Register Name    |   Type    | Width | Bus | MB | AR | AS | SR | SS | ST |
===============================================================================
|    SER_DATA_reg     | Flip-flop |   1   |  N  | N  | Y  | N  | N  | N  | N  |
|    shift_reg_reg    | Flip-flop |   8   |  Y  | N  | Y  | N  | N  | N  | N  |
===============================================================================

Inferred memory devices in process
	in routine serializer line 27 in file
		'/home/IC/Projects/System//RTL/serializer.sv'.
===============================================================================
|    Register Name    |   Type    | Width | Bus | MB | AR | AS | SR | SS | ST |
===============================================================================
|     counter_reg     | Flip-flop |   4   |  Y  | N  | Y  | N  | N  | N  | N  |
===============================================================================
Presto compilation completed successfully.
Information: Building the design 'UART_TX_FSM'. (HDL-193)

Statistics for case statements in always block at line 35 in file
	'/home/IC/Projects/System//RTL/UART_TX_FSM.sv'
===============================================
|           Line           |  full/ parallel  |
===============================================
|            38            |    auto/auto     |
===============================================

Inferred memory devices in process
	in routine UART_TX_FSM line 25 in file
		'/home/IC/Projects/System//RTL/UART_TX_FSM.sv'.
===============================================================================
|    Register Name    |   Type    | Width | Bus | MB | AR | AS | SR | SS | ST |
===============================================================================
|       cs_reg        | Flip-flop |   3   |  Y  | N  | Y  | N  | N  | N  | N  |
===============================================================================
Presto compilation completed successfully.
Information: Building the design 'MUX_4x1'. (HDL-193)

Statistics for case statements in always block at line 7 in file
	'/home/IC/Projects/System//RTL/MUX_4x1.sv'
===============================================
|           Line           |  full/ parallel  |
===============================================
|            8             |    auto/auto     |
===============================================
Presto compilation completed successfully.
Information: Building the design 'UART_RX_FSM'. (HDL-193)

Statistics for case statements in always block at line 42 in file
	'/home/IC/Projects/System//RTL/UART_RX_FSM.sv'
===============================================
|           Line           |  full/ parallel  |
===============================================
|            50            |    auto/auto     |
===============================================

Inferred memory devices in process
	in routine UART_RX_FSM line 33 in file
		'/home/IC/Projects/System//RTL/UART_RX_FSM.sv'.
===============================================================================
|    Register Name    |   Type    | Width | Bus | MB | AR | AS | SR | SS | ST |
===============================================================================
|       cs_reg        | Flip-flop |   3   |  Y  | N  | Y  | N  | N  | N  | N  |
===============================================================================
Presto compilation completed successfully.
Information: Building the design 'data_sampling'. (HDL-193)

Inferred memory devices in process
	in routine data_sampling line 21 in file
		'/home/IC/Projects/System//RTL/data_sampling.sv'.
===============================================================================
|    Register Name    |   Type    | Width | Bus | MB | AR | AS | SR | SS | ST |
===============================================================================
|  sampling_done_reg  | Flip-flop |   1   |  N  | N  | Y  | N  | N  | N  | N  |
|  sampled_bits_reg   | Flip-flop |   3   |  Y  | N  | Y  | N  | N  | N  | N  |
===============================================================================
Presto compilation completed successfully.
Information: Building the design 'edge_bit_counter'. (HDL-193)

Inferred memory devices in process
	in routine edge_bit_counter line 16 in file
		'/home/IC/Projects/System//RTL/edge_bit_counter.sv'.
===============================================================================
|    Register Name    |   Type    | Width | Bus | MB | AR | AS | SR | SS | ST |
===============================================================================
|   edge_count_reg    | Flip-flop |   6   |  Y  | N  | Y  | N  | N  | N  | N  |
|    bit_count_reg    | Flip-flop |   4   |  Y  | N  | Y  | N  | N  | N  | N  |
===============================================================================
Presto compilation completed successfully.
Information: Building the design 'parity_check'. (HDL-193)
Presto compilation completed successfully.
Information: Building the design 'start_check'. (HDL-193)
Presto compilation completed successfully.
Information: Building the design 'stop_check'. (HDL-193)
Presto compilation completed successfully.
Information: Building the design 'desarilzer'. (HDL-193)

Inferred memory devices in process
	in routine desarilzer line 11 in file
		'/home/IC/Projects/System//RTL/desarilzer.sv'.
===============================================================================
|    Register Name    |   Type    | Width | Bus | MB | AR | AS | SR | SS | ST |
===============================================================================
|     P_DATA_reg      | Flip-flop |   8   |  Y  | N  | Y  | N  | N  | N  | N  |
===============================================================================
Presto compilation completed successfully.
1
###################### Defining toplevel ###################################
current_design $top_module
Current design is 'SYS_TOP'.
{SYS_TOP}
#################### Liniking All The Design Parts #########################
puts "###############################################"
###############################################
puts "######## Liniking All The Design Parts ########"
######## Liniking All The Design Parts ########
puts "###############################################"
###############################################
link 

  Linking design 'SYS_TOP'
  Using the following designs and libraries:
  --------------------------------------------------------------------------
  * (29 designs)              /home/IC/Projects/System/Backend/Synthesis/SYS_TOP.db, etc
  scmetro_tsmc_cl013g_rvt_ss_1p08v_125c (library) /home/IC/tsmc_fb_cl013g_sc/aci/sc-m/synopsys/scmetro_tsmc_cl013g_rvt_ss_1p08v_125c.db
  scmetro_tsmc_cl013g_rvt_tt_1p2v_25c (library) /home/IC/tsmc_fb_cl013g_sc/aci/sc-m/synopsys/scmetro_tsmc_cl013g_rvt_tt_1p2v_25c.db
  scmetro_tsmc_cl013g_rvt_ff_1p32v_m40c (library) /home/IC/tsmc_fb_cl013g_sc/aci/sc-m/synopsys/scmetro_tsmc_cl013g_rvt_ff_1p32v_m40c.db

1
#################### Liniking All The Design Parts #########################
puts "###############################################"
###############################################
puts "######## checking design consistency ##########"
######## checking design consistency ##########
puts "###############################################"
###############################################
check_design >> reports/check_design.rpt
#################### Define Design Constraints #########################
puts "###############################################"
###############################################
puts "############ Design Constraints #### ##########"
############ Design Constraints #### ##########
puts "###############################################"
###############################################
source -echo ./cons.tcl
####################################################################################
# Constraints
# ----------------------------------------------------------------------------
#
# 0. Design Compiler variables
#
# 1. Master Clock Definitions
#
# 2. Generated Clock Definitions
#
# 3. Clock Uncertainties
#
# 4. Clock Latencies 
#
# 5. Clock Relationships
#
# 6. set input/output delay on ports
#
# 7. Driving cells
#
# 8. Output load
####################################################################################
#########################################################
#### Section 0 : DC Variables ####
#########################################################
#################################################################################### 
# Prevent assign statements in the generated netlist (must be applied before compile command)
set verilogout_no_tri true
set_fix_multiple_port_nets -all -buffer_constants -feedthroughs
####################################################################################
#########################################################
#### Section 1 : Clock Definition ####
#########################################################
#################################################################################### 
# 1. Master Clock Definitions 
# 2. Generated Clock Definitions
# 3. Clock Latencies
# 4. Clock Uncertainties
# 4. Clock Transitions
####################################################################################
set REF_CLK_NAME REF_CLK
set REF_CLK_PER 20
set UART_CLK_NAME UART_CLK
set UART_CLK_PER 271.3
set ALU_CLK_NAME ALU_CLK
set RX_CLK_NAME RX_CLK
set TX_CLK_NAME TX_CLK
set CLK_SETUP_SKEW 0.2
set CLK_HOLD_SKEW 0.1
set CLK_LAT 0
set CLK_RISE 0.05
set CLK_FALL 0.05
create_clock -name $REF_CLK_NAME -period $REF_CLK_PER -waveform "0 [expr $REF_CLK_PER/2]" [get_ports REF_CLK]
set_clock_uncertainty -setup $CLK_SETUP_SKEW [get_clocks $REF_CLK_NAME]
set_clock_uncertainty -hold $CLK_HOLD_SKEW  [get_clocks $REF_CLK_NAME]
set_clock_transition -rise $CLK_RISE  [get_clocks $REF_CLK_NAME]
set_clock_transition -fall $CLK_FALL  [get_clocks $REF_CLK_NAME]
set_clock_latency $CLK_LAT [get_clocks $REF_CLK_NAME]
create_clock -name $UART_CLK_NAME -period $UART_CLK_PER -waveform "0 [expr $UART_CLK_PER/2]" [get_ports UART_CLK]
set_clock_uncertainty -setup $CLK_SETUP_SKEW [get_clocks $UART_CLK_NAME]
set_clock_uncertainty -hold $CLK_HOLD_SKEW  [get_clocks $UART_CLK_NAME]
set_clock_transition -rise $CLK_RISE  [get_clocks $UART_CLK_NAME]
set_clock_transition -fall $CLK_FALL  [get_clocks $UART_CLK_NAME]
set_clock_latency $CLK_LAT [get_clocks $UART_CLK_NAME]
create_generated_clock -master_clock $REF_CLK_NAME -source [get_ports REF_CLK]                        -name $ALU_CLK_NAME [get_port CLK_GATE_U0/GATED_CLK]                        -divide_by 1
set_clock_uncertainty -setup $CLK_SETUP_SKEW [get_clocks $ALU_CLK_NAME]
set_clock_uncertainty -hold $CLK_HOLD_SKEW  [get_clocks $ALU_CLK_NAME]
set_clock_transition -rise $CLK_RISE  [get_clocks $ALU_CLK_NAME]
set_clock_transition -fall $CLK_FALL  [get_clocks $ALU_CLK_NAME]
set_clock_latency $CLK_LAT [get_clocks $ALU_CLK_NAME]
create_generated_clock -master_clock $UART_CLK_NAME -source [get_ports UART_CLK]                        -name $RX_CLK_NAME [get_port Clk_Div_U1/o_div_clk]                        -divide_by 1
set_clock_uncertainty -setup $CLK_SETUP_SKEW [get_clocks $RX_CLK_NAME]
set_clock_uncertainty -hold $CLK_HOLD_SKEW  [get_clocks $RX_CLK_NAME]
set_clock_transition -rise $CLK_RISE  [get_clocks $RX_CLK_NAME]
set_clock_transition -fall $CLK_FALL  [get_clocks $RX_CLK_NAME]
set_clock_latency $CLK_LAT [get_clocks $RX_CLK_NAME]
create_generated_clock -master_clock $UART_CLK_NAME -source [get_ports UART_CLK]                        -name $TX_CLK_NAME [get_port Clk_Div_U0/o_div_clk]                        -divide_by 32
set_clock_uncertainty -setup $CLK_SETUP_SKEW [get_clocks $TX_CLK_NAME]
set_clock_uncertainty -hold $CLK_HOLD_SKEW  [get_clocks $TX_CLK_NAME]
set_clock_transition -rise $CLK_RISE  [get_clocks $TX_CLK_NAME]
set_clock_transition -fall $CLK_FALL  [get_clocks $TX_CLK_NAME]
set_clock_latency $CLK_LAT [get_clocks $TX_CLK_NAME]
set_dont_touch_network [get_clocks "$REF_CLK_NAME $UART_CLK_NAME $ALU_CLK_NAME $RX_CLK_NAME $TX_CLK_NAME"]
set_dont_touch_network [get_port RST_N]
####################################################################################
#########################################################
#### Section 2 : Clocks Relationship ####
#########################################################
####################################################################################
set_clock_groups -asynchronous -group [get_clocks "$REF_CLK_NAME $ALU_CLK_NAME"] -group [get_clocks "$UART_CLK_NAME $RX_CLK_NAME $TX_CLK_NAME"]
####################################################################################
#########################################################
#### Section 3 : set input/output delay on ports ####
#########################################################
####################################################################################
set in1_delay  [expr 0.2 * [expr $UART_CLK_PER * 32]]
set out1_delay [expr 0.2 * [expr $UART_CLK_PER * 32]]
set in2_delay  [expr 0.2 * $UART_CLK_PER]
set out2_delay [expr 0.2 * $UART_CLK_PER]
#Constrain Input Paths
set_input_delay $in2_delay -clock [get_clocks "$RX_CLK_NAME"] [get_port UART_RX_IN]
#Constrain Output Paths
set_output_delay $out1_delay -clock [get_clocks "$TX_CLK_NAME"] [get_port UART_TX_O]
set_output_delay $out2_delay -clock [get_clocks "$RX_CLK_NAME"] [get_port parity_error]
set_output_delay $out2_delay -clock [get_clocks "$RX_CLK_NAME"] [get_port framing_error]
####################################################################################
#########################################################
#### Section 4 : Driving cells ####
#########################################################
####################################################################################
set_driving_cell -library scmetro_tsmc_cl013g_rvt_ss_1p08v_125c -lib_cell BUFX2M -pin Y [get_ports "UART_RX_IN"]
Warning: Design rule attributes from the driving cell will be
	set on the port. (UID-401)
####################################################################################
#########################################################
#### Section 5 : Output load ####
#########################################################
####################################################################################
set_load 0.5 [get_ports "UART_TX_O parity_error framing_error"]
####################################################################################
#########################################################
#### Section 6 : Operating Condition ####
#########################################################
####################################################################################
# Define the Worst Library for Max(#setup) analysis
# Define the Best Library for Min(hold) analysis
set_operating_conditions -min_library "scmetro_tsmc_cl013g_rvt_ff_1p32v_m40c" -min "scmetro_tsmc_cl013g_rvt_ff_1p32v_m40c" -max_library "scmetro_tsmc_cl013g_rvt_ss_1p08v_125c" -max "scmetro_tsmc_cl013g_rvt_ss_1p08v_125c"
Using operating conditions 'scmetro_tsmc_cl013g_rvt_ss_1p08v_125c' found in library 'scmetro_tsmc_cl013g_rvt_ss_1p08v_125c'.
Using operating conditions 'scmetro_tsmc_cl013g_rvt_ff_1p32v_m40c' found in library 'scmetro_tsmc_cl013g_rvt_ff_1p32v_m40c'.
####################################################################################
#########################################################
#### Section 7 : wireload Model ####
#########################################################
####################################################################################
####################################################################################
#########################################################
#### Section 8 : set_case_analysis ####
#########################################################
####################################################################################
####################################################################################
###################### Mapping and optimization ########################
puts "###############################################"
###############################################
puts "########## Mapping & Optimization #############"
########## Mapping & Optimization #############
puts "###############################################"
###############################################
compile 
Information: Evaluating DesignWare library utilization. (UISN-27)

============================================================================
| DesignWare Building Block Library  |         Version         | Available |
============================================================================
| Basic DW Building Blocks           | K-2015.06-DWBB_201506.0 |     *     |
| Licensed DW Building Blocks        |                         |           |
============================================================================


Information: There are 31 potential problems in your design. Please run 'check_design' for more information. (LINT-99)


Warning: Operating condition scmetro_tsmc_cl013g_rvt_ss_1p08v_125c set on design SYS_TOP has different process,
voltage and temperatures parameters than the parameters at which target library 
scmetro_tsmc_cl013g_rvt_tt_1p2v_25c is characterized. Delays may be inaccurate as a result. (OPT-998)

  Beginning Pass 1 Mapping
  ------------------------
  Processing 'CLK_GATE'
  Processing 'ALU_OPER_WIDTH8_OUT_WIDTH16'
  Processing 'RegFile_WIDTH8_DEPTH16_ADDR4'
  Processing 'SYS_CTRL'
  Processing 'desarilzer'
  Processing 'stop_check'
  Processing 'start_check'
  Processing 'parity_check'
  Processing 'edge_bit_counter'
  Processing 'data_sampling'
  Processing 'UART_RX_FSM'
  Processing 'UART_RX'
  Processing 'MUX_4x1'
  Processing 'UART_TX_FSM'
  Processing 'serializer'
  Processing 'Parity_Calc'
  Processing 'UART_TX'
  Processing 'UART'
  Processing 'Clk_Div_0'
  Processing 'CLKDIV_MUX_WIDTH4'
  Processing 'PULSE_GEN'
  Processing 'DF_SYNC_0'
  Processing 'FIFO_RD'
  Processing 'FIFO_WR'
  Processing 'FIFO_MEM_CNTRL_DATA_WIDTH8'
  Processing 'FIFO_DATA_WIDTH8'
  Processing 'DATA_SYNC_NUM_STAGES2_BUS_WIDTH8'
  Processing 'RST_SYNC_NUM_STAGES2_0'
  Processing 'SYS_TOP'

  Updating timing information
Information: Updating design information... (UID-85)

  Beginning Implementation Selection
  ----------------------------------
  Processing 'ALU_OPER_WIDTH8_OUT_WIDTH16_DW_div_uns_0'
  Processing 'ALU_OPER_WIDTH8_OUT_WIDTH16_DW01_sub_0'
  Processing 'ALU_OPER_WIDTH8_OUT_WIDTH16_DW01_add_0'
  Processing 'ALU_OPER_WIDTH8_OUT_WIDTH16_DW01_cmp6_0'
  Processing 'desarilzer_DW01_dec_0'
  Processing 'edge_bit_counter_DW01_inc_0'
  Processing 'edge_bit_counter_DW01_cmp6_0'
  Processing 'edge_bit_counter_DW01_dec_0'
  Processing 'data_sampling_DW01_cmp6_0'
  Processing 'data_sampling_DW01_cmp6_1'
  Processing 'data_sampling_DW01_dec_0'
  Processing 'data_sampling_DW01_cmp6_2'
  Processing 'data_sampling_DW01_sub_0'
  Processing 'UART_RX_FSM_DW01_cmp6_0'
  Processing 'UART_RX_FSM_DW01_dec_0'
  Processing 'Clk_Div_1_DW01_inc_0'
  Processing 'Clk_Div_1_DW01_cmp6_0'
  Processing 'Clk_Div_1_DW01_cmp6_1'
  Processing 'Clk_Div_1_DW01_dec_0'
  Processing 'Clk_Div_0_DW01_inc_0'
  Processing 'Clk_Div_0_DW01_cmp6_0'
  Processing 'Clk_Div_0_DW01_cmp6_1'
  Processing 'Clk_Div_0_DW01_dec_0'
  Processing 'ALU_OPER_WIDTH8_OUT_WIDTH16_DW02_mult_0'
  Processing 'ALU_OPER_WIDTH8_OUT_WIDTH16_DW01_add_1'

  Beginning Mapping Optimizations  (Medium effort)
  -------------------------------
  Mapping Optimization (Phase 1)

                                  TOTAL                                      
   ELAPSED            WORST NEG   SETUP    DESIGN                            
    TIME      AREA      SLACK     COST    RULE COST         ENDPOINT         
  --------- --------- --------- --------- --------- -------------------------
    0:00:07   44139.2      0.00       0.0       3.9                          
    0:00:07   44139.2      0.00       0.0       3.9                          
    0:00:07   44139.2      0.00       0.0       3.9                          
    0:00:07   44139.2      0.00       0.0       3.9                          
    0:00:07   44139.2      0.00       0.0       3.9                          
    0:00:07   22546.7      0.00       0.0       2.1                          
    0:00:07   22507.9      0.00       0.0       2.1                          
    0:00:08   22507.9      0.00       0.0       2.1                          
    0:00:08   22507.9      0.00       0.0       2.1                          
    0:00:08   22489.1      0.00       0.0       2.1                          
    0:00:08   22489.1      0.00       0.0       2.1                          
    0:00:08   22491.4      0.00       0.0       0.3                          
    0:00:08   22471.4      0.00       0.0       0.0                          
    0:00:08   22471.4      0.00       0.0       0.0                          
    0:00:08   22471.4      0.00       0.0       0.0                          
    0:00:08   22471.4      0.00       0.0       0.0                          



  Beginning Delay Optimization Phase
  ----------------------------------

                                  TOTAL                                      
   ELAPSED            WORST NEG   SETUP    DESIGN                            
    TIME      AREA      SLACK     COST    RULE COST         ENDPOINT         
  --------- --------- --------- --------- --------- -------------------------
    0:00:08   22471.4      0.00       0.0       0.0                          
    0:00:08   22471.4      0.00       0.0       0.0                          
    0:00:08   22471.4      0.00       0.0       0.0                          


  Beginning Area-Recovery Phase  (cleanup)
  -----------------------------

                                  TOTAL                                      
   ELAPSED            WORST NEG   SETUP    DESIGN                            
    TIME      AREA      SLACK     COST    RULE COST         ENDPOINT         
  --------- --------- --------- --------- --------- -------------------------
    0:00:08   22471.4      0.00       0.0       0.0                          
    0:00:08   22471.4      0.00       0.0       0.0                          
    0:00:08   22410.3      0.00       0.0       0.0                          
    0:00:08   22392.6      0.00       0.0       0.0                          
    0:00:08   22372.6      0.00       0.0       0.0                          
    0:00:08   22365.5      0.00       0.0       0.0                          
    0:00:08   22362.0      0.00       0.0       0.0                          
    0:00:08   22362.0      0.00       0.0       0.0                          
    0:00:08   22362.0      0.00       0.0       0.0                          
    0:00:08   22338.5      0.00       0.0       0.0                          
    0:00:08   22338.5      0.00       0.0       0.0                          
    0:00:08   22338.5      0.00       0.0       0.0                          
    0:00:08   22338.5      0.00       0.0       0.0                          
    0:00:08   22338.5      0.00       0.0       0.0                          
    0:00:08   22338.5      0.00       0.0       0.0                          
    0:00:08   22342.0      0.00       0.0       0.0                          
Loading db file '/home/IC/tsmc_fb_cl013g_sc/aci/sc-m/synopsys/scmetro_tsmc_cl013g_rvt_ss_1p08v_125c.db'
Loading db file '/home/IC/tsmc_fb_cl013g_sc/aci/sc-m/synopsys/scmetro_tsmc_cl013g_rvt_tt_1p2v_25c.db'
Loading db file '/home/IC/tsmc_fb_cl013g_sc/aci/sc-m/synopsys/scmetro_tsmc_cl013g_rvt_ff_1p32v_m40c.db'


Note: Symbol # after min delay cost means estimated hold TNS across all active scenarios 


  Optimization Complete
  ---------------------
1
##################### Close Formality Setup file ###########################
set_svf -off
1
#############################################################################
# Write out files
#############################################################################
write_file -format verilog -hierarchy -output netlists/$top_module.ddc
Writing verilog file '/home/IC/Projects/System/Backend/Synthesis/netlists/SYS_TOP.ddc'.
Warning: Verilog 'assign' or 'tran' statements are written out. (VO-4)
1
write_file -format verilog -hierarchy -output netlists/$top_module.v
Writing verilog file '/home/IC/Projects/System/Backend/Synthesis/netlists/SYS_TOP.v'.
Warning: Verilog 'assign' or 'tran' statements are written out. (VO-4)
1
write_sdf  sdf/$top_module.sdf
Information: Annotated 'cell' delays are assumed to include load delay. (UID-282)
Information: Writing timing information to file '/home/IC/Projects/System/Backend/Synthesis/sdf/SYS_TOP.sdf'. (WT-3)
Information: Updating design information... (UID-85)
1
write_sdc  -nosplit sdc/$top_module.sdc
1
####################### reporting ##########################################
report_area -hierarchy > reports/area.rpt
report_power -hierarchy > reports/power.rpt
report_timing -delay_type min -max_paths 20 > reports/hold.rpt
report_timing -delay_type max -max_paths 20 > reports/setup.rpt
report_clock -attributes > reports/clocks.rpt
report_constraint -all_violators -nosplit > reports/constraints.rpt
############################################################################
# DFT Preparation Section
############################################################################
set flops_per_chain 100
100
set num_flops [sizeof_collection [all_registers -edge_triggered]]
340
set num_chains [expr $num_flops / $flops_per_chain + 1 ]
4
################# starting graphical user interface #######################
#gui_start
#exit
dc_shell> 